#
# A fatal error has been detected by the Java Runtime Environment:
#
#  EXCEPTION_ACCESS_VIOLATION (0xc0000005) at pc=0x00007ffb716b14ea, pid=636, tid=6388
#
# JRE version: Java(TM) SE Runtime Environment (8.0_60-b27) (build 1.8.0_60-b27)
# Java VM: Java HotSpot(TM) 64-Bit Server VM (25.60-b23 mixed mode windows-amd64 compressed oops)
# Problematic frame:
# C  [OpenCL.dll+0x14ea]
#
# Failed to write core dump. Minidumps are not enabled by default on client versions of Windows
#
# If you would like to submit a bug report, please visit:
#   http://bugreport.java.com/bugreport/crash.jsp
# The crash happened outside the Java Virtual Machine in native code.
# See problematic frame for where to report the bug.
#

---------------  T H R E A D  ---------------

Current thread (0x0000000002c40800):  JavaThread "main" [_thread_in_native, id=6388, stack(0x0000000002a60000,0x0000000002b60000)]

siginfo: ExceptionCode=0xc0000005, reading address 0xffffffffffffffff

Registers:
RAX=0x0000000018303ebc, RBX=0x0000000018303eb0, RCX=0x0000000018303ec0, RDX=0x0000000000000001
RSP=0x0000000002b5ef50, RBP=0x0000000018303ec0, RSI=0x0000000019110000, RDI=0x0000000000000001
R8 =0x0000000018303eb0, R9 =0x0000000019110000, R10=0x7465536c63747845, R11=0x00007ffb716b1490
R12=0x0000000000000000, R13=0x00000000160ae8f8, R14=0x0000000002b5f0e0, R15=0x0000000002c40800
RIP=0x00007ffb716b14ea, EFLAGS=0x0000000000010202

Top of Stack: (sp=0x0000000002b5ef50)
0x0000000002b5ef50:   0000000002d47ced 0000000002d55cc6
0x0000000002b5ef60:   0000000000000000 0000000002c40800
0x0000000002b5ef70:   00000000160ae8f8 0000000018303ebc
0x0000000002b5ef80:   0000000002d47ced 0000000002d55e34
0x0000000002b5ef90:   00000000160ae8f8 0000000002b5f060
0x0000000002b5efa0:   0000000018303ebc 0000000000000000
0x0000000002b5efb0:   0000000000000000 0000000018303ebc
0x0000000002b5efc0:   0000000019110000 0000000000000000
0x0000000002b5efd0:   0000000018303ebc 0000000002d47ced
0x0000000002b5efe0:   0000000002d47ced 0000000002d55b9d
0x0000000002b5eff0:   0000000002c40800 00000000160ae8f8
0x0000000002b5f000:   0000000018303ebc 0000000002c40800
0x0000000002b5f010:   0000000002b5f198 0000000002d55b62
0x0000000002b5f020:   0000000002b5f020 00000000160ae8f8
0x0000000002b5f030:   0000000002b5f0e0 00000000160c3498
0x0000000002b5f040:   0000000000000000 00000000160ae8f8 

Instructions: (pc=0x00007ffb716b14ea)
0x00007ffb716b14ca:   42 48 85 db 74 3d 4c 8b 13 48 8b 44 24 68 4d 85
0x00007ffb716b14da:   d2 75 0d 48 85 c0 74 3b c7 00 df ff ff ff eb 33
0x00007ffb716b14ea:   4d 8b 12 48 89 44 24 28 48 8b 44 24 60 4c 8b ce
0x00007ffb716b14fa:   4c 8b c3 8b d7 48 8b cd 48 89 44 24 20 41 ff 52 


Register to memory mapping:

RAX=0x0000000018303ebc is an unknown value
RBX=0x0000000018303eb0 is an unknown value
RCX=0x0000000018303ec0 is an unknown value
RDX=0x0000000000000001 is an unknown value
RSP=0x0000000002b5ef50 is pointing into the stack for thread: 0x0000000002c40800
RBP=0x0000000018303ec0 is an unknown value
RSI=0x0000000019110000 is an unknown value
RDI=0x0000000000000001 is an unknown value
R8 =0x0000000018303eb0 is an unknown value
R9 =0x0000000019110000 is an unknown value
R10=0x7465536c63747845 is an unknown value
R11=0x00007ffb716b1490 is an unknown value
R12=0x0000000000000000 is an unknown value
R13={method} {0x00000000160ae900} 'callPPPPPP' '(JJIJJJJ)J' in 'org/lwjgl/system/JNI'
R14=0x0000000002b5f0e0 is pointing into the stack for thread: 0x0000000002c40800
R15=0x0000000002c40800 is a thread


Stack: [0x0000000002a60000,0x0000000002b60000],  sp=0x0000000002b5ef50,  free space=1019k
Native frames: (J=compiled Java code, j=interpreted, Vv=VM code, C=native code)
C  [OpenCL.dll+0x14ea]
C  0x0000000002d55e34

Java frames: (J=compiled Java code, j=interpreted, Vv=VM code)
j  org.lwjgl.system.JNI.callPPPPPP(JJIJJJJ)J+0
j  org.lwjgl.opencl.CL10.nclCreateContext(JIJJJJ)J+19
j  org.lwjgl.opencl.CL10.clCreateContext(Lorg/lwjgl/PointerBuffer;JLorg/lwjgl/opencl/CLContextCallbackI;JLjava/nio/IntBuffer;)J+73
j  Main.Main2.demo(Lorg/lwjgl/system/MemoryStack;)V+130
j  Main.Main2.main([Ljava/lang/String;)V+9
v  ~StubRoutines::call_stub

---------------  P R O C E S S  ---------------

Java Threads: ( => current thread )
  0x0000000017f26000 JavaThread "Service Thread" daemon [_thread_blocked, id=5788, stack(0x0000000018310000,0x0000000018410000)]
  0x00000000165e0800 JavaThread "C1 CompilerThread2" daemon [_thread_blocked, id=6596, stack(0x0000000017e10000,0x0000000017f10000)]
  0x00000000165d3800 JavaThread "C2 CompilerThread1" daemon [_thread_blocked, id=7792, stack(0x0000000017d10000,0x0000000017e10000)]
  0x00000000165cd800 JavaThread "C2 CompilerThread0" daemon [_thread_blocked, id=5740, stack(0x0000000017c10000,0x0000000017d10000)]
  0x00000000165ca800 JavaThread "Attach Listener" daemon [_thread_blocked, id=4024, stack(0x0000000017b10000,0x0000000017c10000)]
  0x00000000165ca000 JavaThread "Signal Dispatcher" daemon [_thread_blocked, id=2284, stack(0x0000000017a10000,0x0000000017b10000)]
  0x0000000002d36000 JavaThread "Finalizer" daemon [_thread_blocked, id=6628, stack(0x0000000017830000,0x0000000017930000)]
  0x0000000002d2d000 JavaThread "Reference Handler" daemon [_thread_blocked, id=2392, stack(0x0000000017730000,0x0000000017830000)]
=>0x0000000002c40800 JavaThread "main" [_thread_in_native, id=6388, stack(0x0000000002a60000,0x0000000002b60000)]

Other Threads:
  0x0000000016597800 VMThread [stack: 0x0000000017630000,0x0000000017730000] [id=4128]
  0x0000000017f33800 WatcherThread [stack: 0x0000000018410000,0x0000000018510000] [id=4088]

VM state:not at safepoint (normal execution)

VM Mutex/Monitor currently owned by a thread: None

Heap:
 PSYoungGen      total 28672K, used 5640K [0x00000000e0900000, 0x00000000e2900000, 0x0000000100000000)
  eden space 24576K, 22% used [0x00000000e0900000,0x00000000e0e823b8,0x00000000e2100000)
  from space 4096K, 0% used [0x00000000e2500000,0x00000000e2500000,0x00000000e2900000)
  to   space 4096K, 0% used [0x00000000e2100000,0x00000000e2100000,0x00000000e2500000)
 ParOldGen       total 65536K, used 0K [0x00000000a1a00000, 0x00000000a5a00000, 0x00000000e0900000)
  object space 65536K, 0% used [0x00000000a1a00000,0x00000000a1a00000,0x00000000a5a00000)
 Metaspace       used 5041K, capacity 5446K, committed 5504K, reserved 1056768K
  class space    used 563K, capacity 609K, committed 640K, reserved 1048576K

Card table byte_map: [0x0000000012100000,0x0000000012400000] byte_map_base: 0x0000000011bf3000

Marking Bits: (ParMarkBitMap*) 0x000000007199a5b0
 Begin Bits: [0x0000000012a00000, 0x0000000014198000)
 End Bits:   [0x0000000014198000, 0x0000000015930000)

Polling page: 0x0000000002b60000

CodeCache: size=245760Kb used=1914Kb max_used=1926Kb free=243845Kb
 bounds [0x0000000002d40000, 0x0000000002fb0000, 0x0000000011d40000]
 total_blobs=978 nmethods=334 adapters=557
 compilation: enabled

Compilation events (10 events):
Event: 0.870 Thread 0x00000000165e0800 nmethod 329 0x0000000002f1ca10 code [0x0000000002f1cb80, 0x0000000002f1cea8]
Event: 0.870 Thread 0x00000000165e0800  331       1       java.net.URL::getUserInfo (5 bytes)
Event: 0.870 Thread 0x00000000165e0800 nmethod 331 0x0000000002f1c750 code [0x0000000002f1c8a0, 0x0000000002f1c9b0]
Event: 0.870 Thread 0x00000000165e0800  330       1       java.net.URLClassLoader::access$000 (5 bytes)
Event: 0.870 Thread 0x00000000165e0800 nmethod 330 0x0000000002f1c490 code [0x0000000002f1c5e0, 0x0000000002f1c6d0]
Event: 0.870 Thread 0x00000000165e0800  332       1       java.security.CodeSource::getLocation (5 bytes)
Event: 0.870 Thread 0x00000000165e0800 nmethod 332 0x0000000002f1c1d0 code [0x0000000002f1c320, 0x0000000002f1c430]
Event: 0.870 Thread 0x00000000165cd800  333       4       java.lang.String::replace (127 bytes)
Event: 0.871 Thread 0x00000000165e0800  334       1       sun.misc.URLClassPath$JarLoader::access$600 (5 bytes)
Event: 0.871 Thread 0x00000000165e0800 nmethod 334 0x0000000002f1bf10 code [0x0000000002f1c060, 0x0000000002f1c150]

GC Heap History (0 events):
No events

Deoptimization events (0 events):
No events

Internal exceptions (8 events):
Event: 0.052 Thread 0x0000000002c40800 Exception <a 'java/lang/NoSuchMethodError': Method sun.misc.Unsafe.defineClass(Ljava/lang/String;[BII)Ljava/lang/Class; name or signature does not match> (0x00000000e0912f48) thrown at [C:\re\workspace\8-2-build-windows-amd64-cygwin\jdk8u60\4407\hotspot\srê‰i®Èm™?
Event: 0.052 Thread 0x0000000002c40800 Exception <a 'java/lang/NoSuchMethodError': Method sun.misc.Unsafe.prefetchRead(Ljava/lang/Object;J)V name or signature does not match> (0x00000000e0913230) thrown at [C:\re\workspace\8-2-build-windows-amd64-cygwin\jdk8u60\4407\hotspot\src\share\vm\prims\jˇlø Îœ?
Event: 0.249 Thread 0x0000000002c40800 Exception <a 'java/lang/NoSuchFieldError': method resolution failed> (0x00000000e0c23828) thrown at [C:\re\workspace\8-2-build-windows-amd64-cygwin\jdk8u60\4407\hotspot\src\share\vm\prims\methodHandles.cpp, line 1146]
Event: 0.252 Thread 0x0000000002c40800 Exception <a 'java/lang/NoSuchFieldError': method resolution failed> (0x00000000e0c30d90) thrown at [C:\re\workspace\8-2-build-windows-amd64-cygwin\jdk8u60\4407\hotspot\src\share\vm\prims\methodHandles.cpp, line 1146]
Event: 0.286 Thread 0x0000000002c40800 Exception <a 'java/security/PrivilegedActionException'> (0x00000000e0cd2498) thrown at [C:\re\workspace\8-2-build-windows-amd64-cygwin\jdk8u60\4407\hotspot\src\share\vm\prims\jvm.cpp, line 1386]
Event: 0.286 Thread 0x0000000002c40800 Exception <a 'java/security/PrivilegedActionException'> (0x00000000e0cd26a8) thrown at [C:\re\workspace\8-2-build-windows-amd64-cygwin\jdk8u60\4407\hotspot\src\share\vm\prims\jvm.cpp, line 1386]
Event: 0.287 Thread 0x0000000002c40800 Exception <a 'java/security/PrivilegedActionException'> (0x00000000e0cd6250) thrown at [C:\re\workspace\8-2-build-windows-amd64-cygwin\jdk8u60\4407\hotspot\src\share\vm\prims\jvm.cpp, line 1386]
Event: 0.287 Thread 0x0000000002c40800 Exception <a 'java/security/PrivilegedActionException'> (0x00000000e0cd6460) thrown at [C:\re\workspace\8-2-build-windows-amd64-cygwin\jdk8u60\4407\hotspot\src\share\vm\prims\jvm.cpp, line 1386]

Events (10 events):
Event: 0.869 loading class org/lwjgl/system/CallbackI$J
Event: 0.869 loading class org/lwjgl/system/CallbackI$J done
Event: 0.869 loading class org/lwjgl/system/CallbackI$F
Event: 0.869 loading class org/lwjgl/system/CallbackI$F done
Event: 0.869 loading class org/lwjgl/system/CallbackI$D
Event: 0.869 loading class org/lwjgl/system/CallbackI$D done
Event: 0.870 loading class org/lwjgl/system/CallbackI$P
Event: 0.870 loading class org/lwjgl/system/CallbackI$P done
Event: 0.870 loading class org/lwjgl/system/dyncall/DynCallback
Event: 0.870 loading class org/lwjgl/system/dyncall/DynCallback done


Dynamic libraries:
0x00007ff7de760000 - 0x00007ff7de797000 	D:\Program Files\Java\jre1.8.0_60\bin\javaw.exe
0x00007ffb80be0000 - 0x00007ffb80da1000 	C:\WINDOWS\SYSTEM32\ntdll.dll
0x00007ffb7e2c0000 - 0x00007ffb7e36d000 	C:\WINDOWS\system32\KERNEL32.DLL
0x00007ffb7d290000 - 0x00007ffb7d478000 	C:\WINDOWS\system32\KERNELBASE.dll
0x00007ffb80250000 - 0x00007ffb802f7000 	C:\WINDOWS\system32\ADVAPI32.dll
0x00007ffb7e070000 - 0x00007ffb7e10d000 	C:\WINDOWS\system32\msvcrt.dll
0x00007ffb801e0000 - 0x00007ffb8023b000 	C:\WINDOWS\system32\sechost.dll
0x00007ffb807e0000 - 0x00007ffb808fc000 	C:\WINDOWS\system32\RPCRT4.dll
0x00007ffb7e5d0000 - 0x00007ffb7e726000 	C:\WINDOWS\system32\USER32.dll
0x00007ffb809e0000 - 0x00007ffb80b66000 	C:\WINDOWS\system32\GDI32.dll
0x00007ffb76cd0000 - 0x00007ffb76f44000 	C:\WINDOWS\WinSxS\amd64_microsoft.windows.common-controls_6595b64144ccf1df_6.0.10586.0_none_8c15ae12515e1c22\COMCTL32.dll
0x00007ffb7ea00000 - 0x00007ffb7ec7d000 	C:\WINDOWS\system32\combase.dll
0x00007ffb7d510000 - 0x00007ffb7d57a000 	C:\WINDOWS\system32\bcryptPrimitives.dll
0x00007ffb7e4c0000 - 0x00007ffb7e4fb000 	C:\WINDOWS\system32\IMM32.DLL
0x00007ffb7d0f0000 - 0x00007ffb7d122000 	C:\WINDOWS\system32\nvinitx.dll
0x00007ffb7d0e0000 - 0x00007ffb7d0ea000 	C:\WINDOWS\SYSTEM32\VERSION.dll
0x0000000070fc0000 - 0x0000000071092000 	D:\Program Files\Java\jre1.8.0_60\bin\msvcr100.dll
0x0000000071190000 - 0x0000000071a19000 	D:\Program Files\Java\jre1.8.0_60\bin\server\jvm.dll
0x00007ffb7e000000 - 0x00007ffb7e008000 	C:\WINDOWS\system32\PSAPI.DLL
0x00007ffb6b880000 - 0x00007ffb6b889000 	C:\WINDOWS\SYSTEM32\WSOCK32.dll
0x00007ffb7abe0000 - 0x00007ffb7ac03000 	C:\WINDOWS\SYSTEM32\WINMM.dll
0x00007ffb80900000 - 0x00007ffb8096b000 	C:\WINDOWS\system32\WS2_32.dll
0x0000000001490000 - 0x00000000014bc000 	C:\WINDOWS\SYSTEM32\WINMMBASE.dll
0x00007ffb7ddc0000 - 0x00007ffb7de03000 	C:\WINDOWS\system32\cfgmgr32.dll
0x0000000071180000 - 0x000000007118f000 	D:\Program Files\Java\jre1.8.0_60\bin\verify.dll
0x0000000071150000 - 0x0000000071179000 	D:\Program Files\Java\jre1.8.0_60\bin\java.dll
0x0000000071130000 - 0x0000000071146000 	D:\Program Files\Java\jre1.8.0_60\bin\zip.dll
0x00007ffb7ec80000 - 0x00007ffb801dc000 	C:\WINDOWS\system32\SHELL32.dll
0x00007ffb7d580000 - 0x00007ffb7dbc4000 	C:\WINDOWS\system32\windows.storage.dll
0x00007ffb7e010000 - 0x00007ffb7e062000 	C:\WINDOWS\system32\shlwapi.dll
0x00007ffb7d270000 - 0x00007ffb7d27f000 	C:\WINDOWS\system32\kernel.appcore.dll
0x00007ffb7dd00000 - 0x00007ffb7ddb5000 	C:\WINDOWS\system32\shcore.dll
0x00007ffb7d200000 - 0x00007ffb7d24b000 	C:\WINDOWS\system32\powrprof.dll
0x00007ffb7d250000 - 0x00007ffb7d264000 	C:\WINDOWS\system32\profapi.dll
0x00007ffb6c0a0000 - 0x00007ffb6c1b7000 	D:\Desktop\lwjgl3\native\lwjgl.dll
0x00007ffb7e370000 - 0x00007ffb7e4b3000 	C:\WINDOWS\system32\ole32.dll
0x00007ffb7d0d0000 - 0x00007ffb7d0db000 	C:\WINDOWS\SYSTEM32\CRYPTBASE.DLL
0x00007ffb716b0000 - 0x00007ffb716c5000 	C:\WINDOWS\SYSTEM32\OpenCL.dll
0x00007ffb70cb0000 - 0x00007ffb70d12000 	C:\WINDOWS\SYSTEM32\IntelOpenCL64.dll
0x00007ffb6bd10000 - 0x00007ffb6be0d000 	C:\Program Files (x86)\Common Files\Intel\OpenCL\bin\x64\intelocl64.dll
0x00007ffb709c0000 - 0x00007ffb70a36000 	C:\Program Files (x86)\Common Files\Intel\OpenCL\bin\x64\task_executor64.dll
0x00007ffb62160000 - 0x00007ffb62289000 	C:\WINDOWS\SYSTEM32\OPENGL32.dll
0x00007ffb78990000 - 0x00007ffb789be000 	C:\WINDOWS\SYSTEM32\GLU32.dll
0x00007ffb64fb0000 - 0x00007ffb650aa000 	C:\WINDOWS\SYSTEM32\DDRAW.dll
0x00007ffb7acc0000 - 0x00007ffb7acc8000 	C:\WINDOWS\SYSTEM32\DCIMAN32.dll
0x00007ffb7c670000 - 0x00007ffb7c6a1000 	C:\WINDOWS\SYSTEM32\ntmarta.dll
0x00007ffb6bc70000 - 0x00007ffb6bd05000 	C:\Program Files (x86)\Common Files\Intel\OpenCL\bin\x64\cpu_device64.dll
0x00007ffb6ea60000 - 0x00007ffb6eac9000 	C:\Program Files (x86)\Common Files\Intel\OpenCL\bin\x64\tbb\tbb.dll
0x00007ffb62cc0000 - 0x00007ffb62eb4000 	C:\WINDOWS\SYSTEM32\igdrcl64.dll
0x00007ffb77170000 - 0x00007ffb77212000 	C:\WINDOWS\SYSTEM32\dxgi.dll
0x00007ffb529a0000 - 0x00007ffb53f82000 	C:\WINDOWS\SYSTEM32\igdfcl64.dll
0x00007ffb62630000 - 0x00007ffb627bc000 	C:\WINDOWS\SYSTEM32\dbghelp.dll
0x00007ffb70860000 - 0x00007ffb708bf000 	C:\WINDOWS\SYSTEM32\igdbcl64.dll
0x00007ffb754b0000 - 0x00007ffb75915000 	C:\WINDOWS\SYSTEM32\igdusc64.dll
0x00007ffb570b0000 - 0x00007ffb57afa000 	C:\WINDOWS\System32\nvopencl.dll
0x00007ffb80300000 - 0x00007ffb80729000 	C:\WINDOWS\system32\SETUPAPI.dll
0x00007ffb6b090000 - 0x00007ffb6b13d000 	C:\WINDOWS\SYSTEM32\nvfatbinaryLoader.dll
0x00007ffb7bce0000 - 0x00007ffb7bd76000 	C:\WINDOWS\system32\uxtheme.dll
0x00007ffb743d0000 - 0x00007ffb747c3000 	C:\WINDOWS\system32\nvapi64.dll
0x00007ffb7bbb0000 - 0x00007ffb7bbd7000 	C:\WINDOWS\SYSTEM32\DEVOBJ.dll
0x00007ffb7dca0000 - 0x00007ffb7dcf5000 	C:\WINDOWS\system32\WINTRUST.dll
0x00007ffb7d280000 - 0x00007ffb7d290000 	C:\WINDOWS\system32\MSASN1.dll
0x00007ffb7de10000 - 0x00007ffb7dfd8000 	C:\WINDOWS\system32\CRYPT32.dll

VM Arguments:
jvm_args: -Djava.library.path=D:\Desktop\lwjgl3\native -Dfile.encoding=Cp1251 
java_command: Main.Main2
java_class_path (initial): D:\Desktop\Eclipse_school\Island_Domination-TEST\bin;D:\Desktop\Eclipse_school\Island_Domination-TEST\lib\j3dcore.jar;D:\Desktop\Eclipse_school\Island_Domination-TEST\lib\j3dutils.jar;D:\Desktop\Eclipse_school\Island_Domination-TEST\lib\vecmath.jar;D:\Desktop\lwjgl3\lwjgl.jar
Launcher Type: SUN_STANDARD

Environment Variables:
PATH=D:/Program Files/Java/jre1.8.0_60/bin/server;D:/Program Files/Java/jre1.8.0_60/bin;D:/Program Files/Java/jre1.8.0_60/lib/amd64;C:\ProgramData\Oracle\Java\javapath;C:\WINDOWS\system32;C:\WINDOWS;C:\WINDOWS\System32\Wbem;C:\WINDOWS\System32\WindowsPowerShell\v1.0\;C:\Users\Userr\.dnx\bin;C:\Program Files\Microsoft DNX\Dnvm\;C:\Program Files\Microsoft SQL Server\120\Tools\Binn\;C:\Program Files (x86)\Windows Kits\10\Windows Performance Toolkit\;C:\Program Files (x86)\Microsoft Emulator Manager\1.0\;C:\Program Files (x86)\nodejs\;D:\Program Files\Git_2.6.1\cmd;D:\Program Files\Git_2.6.1\mingw64\bin;D:\Program Files\Git_2.6.1\usr\bin;C:\Program Files (x86)\Windows Live\Shared;C:\Program Files (x86)\Skype\Phone\;C:\Program Files (x86)\NVIDIA Corporation\PhysX\Common;C:\Users\Userr\AppData\Roaming\npm;D:\Desktop;
USERNAME=Userr
OS=Windows_NT
PROCESSOR_IDENTIFIER=Intel64 Family 6 Model 58 Stepping 9, GenuineIntel



---------------  S Y S T E M  ---------------

OS: Windows 10.0 , 64 bit Build 10586 (10.0.10586.0)

CPU:total 4 (2 cores per cpu, 2 threads per core) family 6 model 58 stepping 9, cmov, cx8, fxsr, mmx, sse, sse2, sse3, ssse3, sse4.1, sse4.2, popcnt, avx, aes, clmul, erms, ht, tsc, tscinvbit, tscinv

Memory: 4k page, physical 6181224k(3152856k free), swap 9458024k(5036528k free)

vm_info: Java HotSpot(TM) 64-Bit Server VM (25.60-b23) for windows-amd64 JRE (1.8.0_60-b27), built on Aug  4 2015 11:06:27 by "java_re" with MS VC++ 10.0 (VS2010)

time: Sat Oct 01 20:52:56 2016
elapsed time: 0 seconds (0d 0h 0m 0s)

