#
# A fatal error has been detected by the Java Runtime Environment:
#
#  EXCEPTION_ACCESS_VIOLATION (0xc0000005) at pc=0x00007ffb71301429, pid=4000, tid=4080
#
# JRE version: Java(TM) SE Runtime Environment (8.0_60-b27) (build 1.8.0_60-b27)
# Java VM: Java HotSpot(TM) 64-Bit Server VM (25.60-b23 mixed mode windows-amd64 compressed oops)
# Problematic frame:
# C  [OpenCL.dll+0x1429]
#
# Failed to write core dump. Minidumps are not enabled by default on client versions of Windows
#
# If you would like to submit a bug report, please visit:
#   http://bugreport.java.com/bugreport/crash.jsp
# The crash happened outside the Java Virtual Machine in native code.
# See problematic frame for where to report the bug.
#

---------------  T H R E A D  ---------------

Current thread (0x00000000025c0800):  JavaThread "main" [_thread_in_native, id=4080, stack(0x0000000002490000,0x0000000002590000)]

siginfo: ExceptionCode=0xc0000005, reading address 0xffffffffffffffff

Registers:
RAX=0x0000000017ea2578, RBX=0x0000000015a10130, RCX=0x637478457465476c, RDX=0x0000000000001030
RSP=0x000000000258eec8, RBP=0x000000000258ef88, RSI=0x0000000000200020, RDI=0x0000000000000108
R8 =0x0000000000000000, R9 =0x0000000000000000, R10=0x00000000026d5e08, R11=0x00007ffb71301420
R12=0x0000000000000000, R13=0x0000000015a10130, R14=0x000000000258eff8, R15=0x00000000025c0800
RIP=0x00007ffb71301429, EFLAGS=0x0000000000010206

Top of Stack: (sp=0x000000000258eec8)
0x000000000258eec8:   00000000026d5e34 0000000000000000
0x000000000258eed8:   0000000015a512e0 0000000000000000
0x000000000258eee8:   000000000258ef00 0000000017ea2578
0x000000000258eef8:   0000000000000000 0000000000000000
0x000000000258ef08:   0000000017ea2578 00000000159f6181
0x000000000258ef18:   000000000258ef58 00000000159fc1a0
0x000000000258ef28:   0000000000000000 00000000159f6198
0x000000000258ef38:   0000000000000000 0000000000000003
0x000000000258ef48:   000000000258ef48 0000000000000000
0x000000000258ef58:   000000000258eff8 0000000015a27580
0x000000000258ef68:   0000000000000000 0000000015a10130
0x000000000258ef78:   0000000000000000 000000000258efa8
0x000000000258ef88:   000000000258f040 00000000026c7730
0x000000000258ef98:   00000000e0d7b718 00000000026cf976
0x000000000258efa8:   0000000017ea2578 000000000258eff8
0x000000000258efb8:   0000000000000000 0000000000000000 

Instructions: (pc=0x00007ffb71301429)
0x00007ffb71301409:   48 8b 74 24 50 48 83 c4 30 5f c3 cc cc cc cc cc
0x00007ffb71301419:   cc cc cc cc cc cc cc 48 85 c9 75 04 8d 41 df c3
0x00007ffb71301429:   4c 8b 11 49 ff 62 18 48 85 c9 75 04 8d 41 df c3
0x00007ffb71301439:   4c 8b 11 49 ff a2 e8 02 00 00 cc cc cc cc cc cc 


Register to memory mapping:

RAX=0x0000000017ea2578 is an unknown value
RBX={method} {0x0000000015a10138} 'callPPPPI' '(JJIJJJ)I' in 'org/lwjgl/system/JNI'
RCX=0x637478457465476c is an unknown value
RDX=0x0000000000001030 is an unknown value
RSP=0x000000000258eec8 is pointing into the stack for thread: 0x00000000025c0800
RBP=0x000000000258ef88 is pointing into the stack for thread: 0x00000000025c0800
RSI=0x0000000000200020 is an unknown value
RDI=0x0000000000000108 is an unknown value
R8 =0x0000000000000000 is an unknown value
R9 =0x0000000000000000 is an unknown value
R10=0x00000000026d5e08 is at code_begin+840 in an Interpreter codelet
method entry point (kind = native)  [0x00000000026d5ac0, 0x00000000026d6420]  2400 bytes
R11=0x00007ffb71301420 is an unknown value
R12=0x0000000000000000 is an unknown value
R13={method} {0x0000000015a10138} 'callPPPPI' '(JJIJJJ)I' in 'org/lwjgl/system/JNI'
R14=0x000000000258eff8 is pointing into the stack for thread: 0x00000000025c0800
R15=0x00000000025c0800 is a thread


Stack: [0x0000000002490000,0x0000000002590000],  sp=0x000000000258eec8,  free space=1019k
Native frames: (J=compiled Java code, j=interpreted, Vv=VM code, C=native code)
C  [OpenCL.dll+0x1429]

Java frames: (J=compiled Java code, j=interpreted, Vv=VM code)
j  org.lwjgl.system.JNI.callPPPPI(JJIJJJ)I+0
j  org.lwjgl.opencl.CL10.nclGetDeviceInfo(JIJJJ)I+28
j  org.lwjgl.opencl.CL10.clGetDeviceInfo(JILjava/nio/ByteBuffer;Lorg/lwjgl/PointerBuffer;)I+41
j  org.lwjgl.opencl.CL.getDeviceInfoStringASCII(JI)Ljava/lang/String;+22
j  org.lwjgl.opencl.CL.createDeviceCapabilities(JLorg/lwjgl/opencl/CLCapabilities;)Lorg/lwjgl/opencl/CLCapabilities;+14
j  Main.Main.main([Ljava/lang/String;)V+163
v  ~StubRoutines::call_stub

---------------  P R O C E S S  ---------------

Java Threads: ( => current thread )
  0x00000000178ab800 JavaThread "Service Thread" daemon [_thread_blocked, id=7376, stack(0x0000000017c80000,0x0000000017d80000)]
  0x0000000015f84000 JavaThread "C1 CompilerThread2" daemon [_thread_blocked, id=7864, stack(0x0000000017780000,0x0000000017880000)]
  0x0000000015f50800 JavaThread "C2 CompilerThread1" daemon [_thread_blocked, id=4328, stack(0x0000000017680000,0x0000000017780000)]
  0x0000000015f4e800 JavaThread "C2 CompilerThread0" daemon [_thread_blocked, id=984, stack(0x0000000017580000,0x0000000017680000)]
  0x0000000015f4b800 JavaThread "Attach Listener" daemon [_thread_blocked, id=6660, stack(0x0000000017480000,0x0000000017580000)]
  0x0000000015f4a800 JavaThread "Signal Dispatcher" daemon [_thread_blocked, id=820, stack(0x0000000017380000,0x0000000017480000)]
  0x00000000026b7800 JavaThread "Finalizer" daemon [_thread_blocked, id=6584, stack(0x00000000171a0000,0x00000000172a0000)]
  0x0000000015f19800 JavaThread "Reference Handler" daemon [_thread_blocked, id=7460, stack(0x00000000170a0000,0x00000000171a0000)]
=>0x00000000025c0800 JavaThread "main" [_thread_in_native, id=4080, stack(0x0000000002490000,0x0000000002590000)]

Other Threads:
  0x0000000015f17000 VMThread [stack: 0x0000000016fa0000,0x00000000170a0000] [id=2960]
  0x00000000178c5000 WatcherThread [stack: 0x0000000017d80000,0x0000000017e80000] [id=2592]

VM state:not at safepoint (normal execution)

VM Mutex/Monitor currently owned by a thread: None

Heap:
 PSYoungGen      total 28672K, used 5635K [0x00000000e0900000, 0x00000000e2900000, 0x0000000100000000)
  eden space 24576K, 22% used [0x00000000e0900000,0x00000000e0e80e48,0x00000000e2100000)
  from space 4096K, 0% used [0x00000000e2500000,0x00000000e2500000,0x00000000e2900000)
  to   space 4096K, 0% used [0x00000000e2100000,0x00000000e2100000,0x00000000e2500000)
 ParOldGen       total 65536K, used 0K [0x00000000a1a00000, 0x00000000a5a00000, 0x00000000e0900000)
  object space 65536K, 0% used [0x00000000a1a00000,0x00000000a1a00000,0x00000000a5a00000)
 Metaspace       used 5117K, capacity 5520K, committed 5760K, reserved 1056768K
  class space    used 564K, capacity 612K, committed 640K, reserved 1048576K

Card table byte_map: [0x0000000011a80000,0x0000000011d80000] byte_map_base: 0x0000000011573000

Marking Bits: (ParMarkBitMap*) 0x000000007199a5b0
 Begin Bits: [0x0000000012380000, 0x0000000013b18000)
 End Bits:   [0x0000000013b18000, 0x00000000152b0000)

Polling page: 0x00000000005f0000

CodeCache: size=245760Kb used=1903Kb max_used=1903Kb free=243856Kb
 bounds [0x00000000026c0000, 0x0000000002930000, 0x00000000116c0000]
 total_blobs=1000 nmethods=341 adapters=572
 compilation: enabled

Compilation events (10 events):
Event: 0.788 Thread 0x0000000015f84000 nmethod 334 0x00000000028964d0 code [0x0000000002896640, 0x0000000002896868]
Event: 0.788 Thread 0x0000000015f84000  335       3       java.nio.ByteOrder::nativeOrder (4 bytes)
Event: 0.788 Thread 0x0000000015f84000 nmethod 335 0x0000000002896950 code [0x0000000002896ac0, 0x0000000002896c70]
Event: 0.788 Thread 0x0000000015f84000  336       3       org.lwjgl.opencl.CL$SharedLibraryCL::getFunctionAddress (99 bytes)
Event: 0.788 Thread 0x0000000015f84000 nmethod 336 0x0000000002896d10 code [0x0000000002896ec0, 0x00000000028974a8]
Event: 0.788 Thread 0x0000000015f84000  337       3       org.lwjgl.system.Checks::checkBuffer (14 bytes)
Event: 0.788 Thread 0x0000000015f84000 nmethod 337 0x0000000002897750 code [0x00000000028978c0, 0x0000000002897b48]
Event: 0.790 Thread 0x0000000015f84000  338       3       java.util.jar.JarFile::getEntry (22 bytes)
Event: 0.790 Thread 0x0000000015f84000 nmethod 338 0x00000000028984d0 code [0x0000000002898660, 0x00000000028989b8]
Event: 0.793 Thread 0x0000000015f84000  339       3       java.lang.String::regionMatches (149 bytes)

GC Heap History (0 events):
No events

Deoptimization events (0 events):
No events

Internal exceptions (8 events):
Event: 0.042 Thread 0x00000000025c0800 Exception <a 'java/lang/NoSuchMethodError': Method sun.misc.Unsafe.defineClass(Ljava/lang/String;[BII)Ljava/lang/Class; name or signature does not match> (0x00000000e0913080) thrown at [C:\re\workspace\8-2-build-windows-amd64-cygwin\jdk8u60\4407\hotspot\sr¯HÐb5s¥?
Event: 0.042 Thread 0x00000000025c0800 Exception <a 'java/lang/NoSuchMethodError': Method sun.misc.Unsafe.prefetchRead(Ljava/lang/Object;J)V name or signature does not match> (0x00000000e0913368) thrown at [C:\re\workspace\8-2-build-windows-amd64-cygwin\jdk8u60\4407\hotspot\src\share\vm\prims\j¢ÊhåÇ?
Event: 0.180 Thread 0x00000000025c0800 Exception <a 'java/lang/NoSuchFieldError': method resolution failed> (0x00000000e0c015e0) thrown at [C:\re\workspace\8-2-build-windows-amd64-cygwin\jdk8u60\4407\hotspot\src\share\vm\prims\methodHandles.cpp, line 1146]
Event: 0.182 Thread 0x00000000025c0800 Exception <a 'java/lang/NoSuchFieldError': method resolution failed> (0x00000000e0c0e9a0) thrown at [C:\re\workspace\8-2-build-windows-amd64-cygwin\jdk8u60\4407\hotspot\src\share\vm\prims\methodHandles.cpp, line 1146]
Event: 0.214 Thread 0x00000000025c0800 Exception <a 'java/security/PrivilegedActionException'> (0x00000000e0cb01b0) thrown at [C:\re\workspace\8-2-build-windows-amd64-cygwin\jdk8u60\4407\hotspot\src\share\vm\prims\jvm.cpp, line 1386]
Event: 0.214 Thread 0x00000000025c0800 Exception <a 'java/security/PrivilegedActionException'> (0x00000000e0cb03c0) thrown at [C:\re\workspace\8-2-build-windows-amd64-cygwin\jdk8u60\4407\hotspot\src\share\vm\prims\jvm.cpp, line 1386]
Event: 0.215 Thread 0x00000000025c0800 Exception <a 'java/security/PrivilegedActionException'> (0x00000000e0cb3f68) thrown at [C:\re\workspace\8-2-build-windows-amd64-cygwin\jdk8u60\4407\hotspot\src\share\vm\prims\jvm.cpp, line 1386]
Event: 0.215 Thread 0x00000000025c0800 Exception <a 'java/security/PrivilegedActionException'> (0x00000000e0cb4178) thrown at [C:\re\workspace\8-2-build-windows-amd64-cygwin\jdk8u60\4407\hotspot\src\share\vm\prims\jvm.cpp, line 1386]

Events (10 events):
Event: 0.791 loading class org/lwjgl/opencl/CL12GL
Event: 0.791 loading class org/lwjgl/opencl/CL12GL done
Event: 0.792 loading class org/lwjgl/opencl/EXTDeviceFission
Event: 0.792 loading class org/lwjgl/opencl/EXTDeviceFission done
Event: 0.792 loading class org/lwjgl/opencl/INTELAccelerator
Event: 0.792 loading class org/lwjgl/opencl/INTELAccelerator done
Event: 0.792 loading class org/lwjgl/opencl/KHRGLEvent
Event: 0.792 loading class org/lwjgl/opencl/KHRGLEvent done
Event: 0.793 loading class org/lwjgl/opencl/KHRGLSharing
Event: 0.793 loading class org/lwjgl/opencl/KHRGLSharing done


Dynamic libraries:
0x00007ff7de760000 - 0x00007ff7de797000 	D:\Program Files\Java\jre1.8.0_60\bin\javaw.exe
0x00007ffb80be0000 - 0x00007ffb80da1000 	C:\WINDOWS\SYSTEM32\ntdll.dll
0x00007ffb7e2c0000 - 0x00007ffb7e36d000 	C:\WINDOWS\system32\KERNEL32.DLL
0x00007ffb7d290000 - 0x00007ffb7d478000 	C:\WINDOWS\system32\KERNELBASE.dll
0x00007ffb80250000 - 0x00007ffb802f7000 	C:\WINDOWS\system32\ADVAPI32.dll
0x00007ffb7e070000 - 0x00007ffb7e10d000 	C:\WINDOWS\system32\msvcrt.dll
0x00007ffb801e0000 - 0x00007ffb8023b000 	C:\WINDOWS\system32\sechost.dll
0x00007ffb807e0000 - 0x00007ffb808fc000 	C:\WINDOWS\system32\RPCRT4.dll
0x00007ffb7e5d0000 - 0x00007ffb7e726000 	C:\WINDOWS\system32\USER32.dll
0x00007ffb809e0000 - 0x00007ffb80b66000 	C:\WINDOWS\system32\GDI32.dll
0x00007ffb76cd0000 - 0x00007ffb76f44000 	C:\WINDOWS\WinSxS\amd64_microsoft.windows.common-controls_6595b64144ccf1df_6.0.10586.0_none_8c15ae12515e1c22\COMCTL32.dll
0x00007ffb7ea00000 - 0x00007ffb7ec7d000 	C:\WINDOWS\system32\combase.dll
0x00007ffb7d510000 - 0x00007ffb7d57a000 	C:\WINDOWS\system32\bcryptPrimitives.dll
0x00007ffb7e4c0000 - 0x00007ffb7e4fb000 	C:\WINDOWS\system32\IMM32.DLL
0x00007ffb7d0f0000 - 0x00007ffb7d122000 	C:\WINDOWS\system32\nvinitx.dll
0x00007ffb7d0e0000 - 0x00007ffb7d0ea000 	C:\WINDOWS\SYSTEM32\VERSION.dll
0x0000000070fc0000 - 0x0000000071092000 	D:\Program Files\Java\jre1.8.0_60\bin\msvcr100.dll
0x0000000071190000 - 0x0000000071a19000 	D:\Program Files\Java\jre1.8.0_60\bin\server\jvm.dll
0x00007ffb7e000000 - 0x00007ffb7e008000 	C:\WINDOWS\system32\PSAPI.DLL
0x00007ffb6b880000 - 0x00007ffb6b889000 	C:\WINDOWS\SYSTEM32\WSOCK32.dll
0x00007ffb7abe0000 - 0x00007ffb7ac03000 	C:\WINDOWS\SYSTEM32\WINMM.dll
0x00007ffb80900000 - 0x00007ffb8096b000 	C:\WINDOWS\system32\WS2_32.dll
0x00007ffb7ab80000 - 0x00007ffb7abac000 	C:\WINDOWS\SYSTEM32\WINMMBASE.dll
0x00007ffb7ddc0000 - 0x00007ffb7de03000 	C:\WINDOWS\system32\cfgmgr32.dll
0x0000000071180000 - 0x000000007118f000 	D:\Program Files\Java\jre1.8.0_60\bin\verify.dll
0x0000000071150000 - 0x0000000071179000 	D:\Program Files\Java\jre1.8.0_60\bin\java.dll
0x0000000071130000 - 0x0000000071146000 	D:\Program Files\Java\jre1.8.0_60\bin\zip.dll
0x00007ffb7ec80000 - 0x00007ffb801dc000 	C:\WINDOWS\system32\SHELL32.dll
0x00007ffb7d580000 - 0x00007ffb7dbc4000 	C:\WINDOWS\system32\windows.storage.dll
0x00007ffb7e010000 - 0x00007ffb7e062000 	C:\WINDOWS\system32\shlwapi.dll
0x00007ffb7d270000 - 0x00007ffb7d27f000 	C:\WINDOWS\system32\kernel.appcore.dll
0x00007ffb7dd00000 - 0x00007ffb7ddb5000 	C:\WINDOWS\system32\shcore.dll
0x00007ffb7d200000 - 0x00007ffb7d24b000 	C:\WINDOWS\system32\powrprof.dll
0x00007ffb7d250000 - 0x00007ffb7d264000 	C:\WINDOWS\system32\profapi.dll
0x00007ffb70490000 - 0x00007ffb705a7000 	D:\Desktop\lwjgl3\native\lwjgl.dll
0x00007ffb7e370000 - 0x00007ffb7e4b3000 	C:\WINDOWS\system32\ole32.dll
0x00007ffb7d0d0000 - 0x00007ffb7d0db000 	C:\WINDOWS\SYSTEM32\CRYPTBASE.DLL
0x00007ffb71300000 - 0x00007ffb71315000 	C:\WINDOWS\SYSTEM32\OpenCL.dll
0x00007ffb70930000 - 0x00007ffb70992000 	C:\WINDOWS\SYSTEM32\IntelOpenCL64.dll
0x00007ffb6c0c0000 - 0x00007ffb6c1bd000 	C:\Program Files (x86)\Common Files\Intel\OpenCL\bin\x64\intelocl64.dll
0x00007ffb70410000 - 0x00007ffb70486000 	C:\Program Files (x86)\Common Files\Intel\OpenCL\bin\x64\task_executor64.dll
0x00007ffb62160000 - 0x00007ffb62289000 	C:\WINDOWS\SYSTEM32\OPENGL32.dll
0x00007ffb78990000 - 0x00007ffb789be000 	C:\WINDOWS\SYSTEM32\GLU32.dll
0x00007ffb64fb0000 - 0x00007ffb650aa000 	C:\WINDOWS\SYSTEM32\DDRAW.dll
0x00007ffb7acc0000 - 0x00007ffb7acc8000 	C:\WINDOWS\SYSTEM32\DCIMAN32.dll
0x00007ffb7c670000 - 0x00007ffb7c6a1000 	C:\WINDOWS\SYSTEM32\ntmarta.dll
0x00007ffb6bd70000 - 0x00007ffb6be05000 	C:\Program Files (x86)\Common Files\Intel\OpenCL\bin\x64\cpu_device64.dll
0x00007ffb6ea60000 - 0x00007ffb6eac9000 	C:\Program Files (x86)\Common Files\Intel\OpenCL\bin\x64\tbb\tbb.dll
0x00007ffb625c0000 - 0x00007ffb627b4000 	C:\WINDOWS\SYSTEM32\igdrcl64.dll
0x00007ffb77170000 - 0x00007ffb77212000 	C:\WINDOWS\SYSTEM32\dxgi.dll
0x00007ffb529a0000 - 0x00007ffb53f82000 	C:\WINDOWS\SYSTEM32\igdfcl64.dll
0x00007ffb6bbe0000 - 0x00007ffb6bd6c000 	C:\WINDOWS\SYSTEM32\dbghelp.dll
0x00007ffb70860000 - 0x00007ffb708bf000 	C:\WINDOWS\SYSTEM32\igdbcl64.dll
0x00007ffb754b0000 - 0x00007ffb75915000 	C:\WINDOWS\SYSTEM32\igdusc64.dll
0x00007ffb570b0000 - 0x00007ffb57afa000 	C:\WINDOWS\System32\nvopencl.dll
0x00007ffb80300000 - 0x00007ffb80729000 	C:\WINDOWS\system32\SETUPAPI.dll
0x00007ffb6b090000 - 0x00007ffb6b13d000 	C:\WINDOWS\SYSTEM32\nvfatbinaryLoader.dll
0x00007ffb7bce0000 - 0x00007ffb7bd76000 	C:\WINDOWS\system32\uxtheme.dll
0x00007ffb743d0000 - 0x00007ffb747c3000 	C:\WINDOWS\system32\nvapi64.dll
0x00007ffb7bbb0000 - 0x00007ffb7bbd7000 	C:\WINDOWS\SYSTEM32\DEVOBJ.dll
0x00007ffb7dca0000 - 0x00007ffb7dcf5000 	C:\WINDOWS\system32\WINTRUST.dll
0x00007ffb7d280000 - 0x00007ffb7d290000 	C:\WINDOWS\system32\MSASN1.dll
0x00007ffb7de10000 - 0x00007ffb7dfd8000 	C:\WINDOWS\system32\CRYPT32.dll

VM Arguments:
jvm_args: -Djava.library.path=D:\Desktop\lwjgl3\native -Dfile.encoding=Cp1251 
java_command: Main.Main
java_class_path (initial): D:\Desktop\Eclipse_school\Island_Domination-TEST\bin;D:\Desktop\Eclipse_school\Island_Domination-TEST\lib\j3dcore.jar;D:\Desktop\Eclipse_school\Island_Domination-TEST\lib\j3dutils.jar;D:\Desktop\Eclipse_school\Island_Domination-TEST\lib\vecmath.jar;D:\Desktop\lwjgl3\lwjgl.jar
Launcher Type: SUN_STANDARD

Environment Variables:
PATH=D:/Program Files/Java/jre1.8.0_60/bin/server;D:/Program Files/Java/jre1.8.0_60/bin;D:/Program Files/Java/jre1.8.0_60/lib/amd64;C:\ProgramData\Oracle\Java\javapath;C:\WINDOWS\system32;C:\WINDOWS;C:\WINDOWS\System32\Wbem;C:\WINDOWS\System32\WindowsPowerShell\v1.0\;C:\Users\Userr\.dnx\bin;C:\Program Files\Microsoft DNX\Dnvm\;C:\Program Files\Microsoft SQL Server\120\Tools\Binn\;C:\Program Files (x86)\Windows Kits\10\Windows Performance Toolkit\;C:\Program Files (x86)\Microsoft Emulator Manager\1.0\;C:\Program Files (x86)\nodejs\;D:\Program Files\Git_2.6.1\cmd;D:\Program Files\Git_2.6.1\mingw64\bin;D:\Program Files\Git_2.6.1\usr\bin;C:\Program Files (x86)\Windows Live\Shared;C:\Program Files (x86)\Skype\Phone\;C:\Program Files (x86)\NVIDIA Corporation\PhysX\Common;C:\Users\Userr\AppData\Roaming\npm;D:\Desktop;
USERNAME=Userr
OS=Windows_NT
PROCESSOR_IDENTIFIER=Intel64 Family 6 Model 58 Stepping 9, GenuineIntel



---------------  S Y S T E M  ---------------

OS: Windows 10.0 , 64 bit Build 10586 (10.0.10586.0)

CPU:total 4 (2 cores per cpu, 2 threads per core) family 6 model 58 stepping 9, cmov, cx8, fxsr, mmx, sse, sse2, sse3, ssse3, sse4.1, sse4.2, popcnt, avx, aes, clmul, erms, ht, tsc, tscinvbit, tscinv

Memory: 4k page, physical 6181224k(3010192k free), swap 9458024k(4898204k free)

vm_info: Java HotSpot(TM) 64-Bit Server VM (25.60-b23) for windows-amd64 JRE (1.8.0_60-b27), built on Aug  4 2015 11:06:27 by "java_re" with MS VC++ 10.0 (VS2010)

time: Sat Oct 01 21:10:56 2016
elapsed time: 0 seconds (0d 0h 0m 0s)

